Action.c(222):     oneNumber><stateProvince>45</stateProvince><zipcode>0929</zipcode></AccountCreateRequest><
Action.c(222):     /soap:Body></soap:Envelope>
Action.c(222): t=1324240ms: 735-byte response headers for "https://www.advantageonlineshopping.com/accountservice/ws/AccountCreateRequest" (RelFrameId=1, Internal ID=300)
Action.c(222):     HTTP/2.0 200\r\n
Action.c(222):     Status: 200\r\n
Action.c(222):     server: nginx/1.18.0 (Ubuntu)\r\n
Action.c(222):     date: Fri, 29 Apr 2022 04:31:31 GMT\r\n
Action.c(222):     content-type: text/xml;charset=utf-8\r\n
Action.c(222):     content-length: 415\r\n
Action.c(222):     x-content-type-options: nosniff\r\n
Action.c(222):     x-xss-protection: 1; mode=block\r\n
Action.c(222):     cache-control: no-store\r\n
Action.c(222):     pragma: no-cache\r\n
Action.c(222):     expires: 0\r\n
Action.c(222):     x-frame-options: DENY\r\n
Action.c(222):     access-control-request-method: POST, GET, OPTIONS, DELETE\r\n
Action.c(222):     access-control-allow-methods: POST, GET, OPTIONS, DELETE\r\n
Action.c(222):     access-control-max-age: 3600\r\n
Action.c(222):     access-control-allow-headers: Origin, X-Requested-With, Content-Type, Accept, Key, soapact
Action.c(222):     ion\r\n
Action.c(222):     access-control-allow-origin: *\r\n
Action.c(222):     accept: text/xml, text/html, image/gif, image/jpeg, *; q=.2, */*; q=.2\r\n
Action.c(222):     soapaction: ""\r\n
Action.c(222):     strict-transport-security: max-age=31536000; includeSubDomains; preload\r\n
Action.c(222):     \r\n
Action.c(222): t=1324241ms: 415-byte response body for "https://www.advantageonlineshopping.com/accountservice/ws/AccountCreateRequest" (RelFrameId=1, Internal ID=300)
Action.c(222):     <SOAP-ENV:Envelope xmlns:SOAP-ENV="http://schemas.xmlsoap.org/soap/envelope/"><SOAP-ENV:He
Action.c(222):     ader/><SOAP-ENV:Body><ns2:AccountCreateResponse xmlns:ns2="com.advantage.online.store.acco
Action.c(222):     untservice"><ns2:StatusMessage><ns2:success>true</ns2:success><ns2:userId>882859347</ns2:u
Action.c(222):     serId><ns2:reason>New user created successfully.</ns2:reason></ns2:StatusMessage></ns2:Acc
Action.c(222):     ountCreateResponse></SOAP-ENV:Body></SOAP-ENV:Envelope>
Action.c(222): t=1324242ms: Request done "https://www.advantageonlineshopping.com/accountservice/ws/AccountCreateRequest"  	[MsgId: MMSG-26000]
Action.c(222): Registered web_reg_find successful for "Text=New user created successfully" (count=1)  	[MsgId: MMSG-26364]
Action.c(222): web_custom_request("AccountCreateRequest") was successful, 415 body bytes, 735 header bytes  	[MsgId: MMSG-26386]
Action.c(235): Notify: Transaction "createAccount" ended with a "Pass" status (Duration: 7,4303 Think Time: 5,0119 Wasted Time: 0,0000).	[MsgId: MMSG-16870]
Action.c(239): Notify: Transaction "UC01_registrationAOS" ended with a "Pass" status (Duration: 26,0167 Think Time: 10,0148 Wasted Time: 0,0039).	[MsgId: MMSG-16870]
Ending action Action.	[MsgId: MMSG-15918]
Ending iteration 12.	[MsgId: MMSG-15965]
Waiting 91,9810 seconds for iteration pacing.	[MsgId: MMSG-15996]
Action.c(158): web_url("FacebookLogo.png") started  	[MsgId: MMSG-26355]
Action.c(158): The request to server https://www.advantageonlineshopping.com/css/images/FacebookLogo.png" is done with headers:
Action.c(158):     :method = GET
Action.c(158):     :scheme = https
Action.c(158):     :path = /css/images/FacebookLogo.png
Action.c(158):     :authority = www.advantageonlineshopping.com
Action.c(158):     Referer = https://www.advantageonlineshopping.com/css/main.min.css
Action.c(158):     Sec-Fetch-Mode = no-cors
Action.c(158):     Sec-Fetch-Dest = image
Action.c(158):     Sec-Fetch-Site = same-origin
Action.c(158):     sec-ch-ua = " Not A;Brand";v="99", "Chromium";v="100", "Google Chrome";v="100"
Action.c(158):     sec-ch-ua-mobile = ?0
Action.c(158):     sec-ch-ua-platform = "Windows"
Action.c(158):     User-Agent = Mozilla/5.0 (compatible; MSIE 10.0; Windows NT 6.1; Trident/6.0)
Action.c(158):     Accept-Encoding = gzip, deflate
Action.c(158):     Accept = */*
Action.c(158):     cookie = userCart=%7B%22userId%22%3A-1%2C%22productsInCart%22%3A%5B%5D%7D; _ga=GA1.2.13468
Action.c(158):     82120.1650622281; _gid=GA1.2.882881733.1650622281; _gat=1
Action.c(158): t=1326140ms: 386-byte response headers for "https://www.advantageonlineshopping.com/css/images/FacebookLogo.png" (RelFrameId=1, Internal ID=296)
Action.c(158):     HTTP/2.0 200\r\n
Action.c(158):     Status: 200\r\n
Action.c(158):     server: nginx/1.18.0 (Ubuntu)\r\n
Action.c(158):     date: Fri, 29 Apr 2022 04:31:33 GMT\r\n
Action.c(158):     content-type: image/png\r\n
Action.c(158):     content-length: 1029\r\n
Action.c(158):     accept-ranges: bytes\r\n
Action.c(158):     etag: W/"1029-1641810512000"\r\n
Action.c(158):     last-modified: Mon, 10 Jan 2022 10:28:32 GMT\r\n
Action.c(158):     cache-control: max-age=864000\r\n
Action.c(158):     expires: Mon, 09 May 2022 04:31:33 GMT\r\n
Action.c(158):     strict-transport-security: max-age=31536000; includeSubDomains; preload\r\n
Action.c(158):     \r\n
Action.c(158): t=1326141ms: 1029-byte response body for "https://www.advantageonlineshopping.com/css/images/FacebookLogo.png" (RelFrameId=1, Internal ID=296)
Action.c(158): t=1326141ms: Request done "https://www.advantageonlineshopping.com/css/images/FacebookLogo.png"  	[MsgId: MMSG-26000]
Action.c(158): web_url("FacebookLogo.png") was successful, 1029 body bytes, 386 header bytes  	[MsgId: MMSG-26386]
Action.c(166): web_add_auto_header("Sec-Fetch-Dest") started  	[MsgId: MMSG-26355]
Action.c(166): An unrecognized header ("Sec-Fetch-Dest") is being added  	[MsgId: MMSG-26595]
Action.c(166): "Sec-Fetch-Dest: empty" header registered (superseding previous registration) for adding to requests from all following Action functions  	[MsgId: MMSG-26504]
Action.c(166): web_add_auto_header("Sec-Fetch-Dest") was successful  	[MsgId: MMSG-26392]
Action.c(169): web_add_auto_header("Sec-Fetch-Mode") started  	[MsgId: MMSG-26355]
Action.c(169): An unrecognized header ("Sec-Fetch-Mode") is being added  	[MsgId: MMSG-26595]
Action.c(169): "Sec-Fetch-Mode: cors" header registered (superseding previous registration) for adding to requests from all following Action functions  	[MsgId: MMSG-26504]
Action.c(169): web_add_auto_header("Sec-Fetch-Mode") was successful  	[MsgId: MMSG-26392]
Action.c(172): web_reg_find started  	[MsgId: MMSG-26355]
Action.c(172): Registering web_reg_find was successful  	[MsgId: MMSG-26390]
Action.c(175): web_url("register-page.html") started  	[MsgId: MMSG-26355]
Action.c(175): The request to server https://www.advantageonlineshopping.com/app/user/views/register-page.html" is done with headers:
Action.c(175):     :method = GET
Action.c(175):     :scheme = https
Action.c(175):     :path = /app/user/views/register-page.html
Action.c(175):     :authority = www.advantageonlineshopping.com
Action.c(175):     Referer = https://www.advantageonlineshopping.com/
Action.c(175):     Sec-Fetch-Site = same-origin
Action.c(175):     Sec-Fetch-Mode = cors
Action.c(175):     Sec-Fetch-Dest = empty
Action.c(175):     sec-ch-ua = " Not A;Brand";v="99", "Chromium";v="100", "Google Chrome";v="100"
Action.c(175):     sec-ch-ua-mobile = ?0
Action.c(175):     sec-ch-ua-platform = "Windows"
Action.c(175):     User-Agent = Mozilla/5.0 (compatible; MSIE 10.0; Windows NT 6.1; Trident/6.0)
Action.c(175):     Accept-Encoding = gzip, deflate
Action.c(175):     Accept = */*
Action.c(175):     cookie = userCart=%7B%22userId%22%3A-1%2C%22productsInCart%22%3A%5B%5D%7D; _ga=GA1.2.13468
Action.c(175):     82120.1650622281; _gid=GA1.2.882881733.1650622281; _gat=1
Action.c(175): t=1326312ms: 406-byte response headers for "https://www.advantageonlineshopping.com/app/user/views/register-page.html" (RelFrameId=1, Internal ID=297)
Action.c(175):     HTTP/2.0 200\r\n
Action.c(175):     Status: 200\r\n
Action.c(175):     server: nginx/1.18.0 (Ubuntu)\r\n
Action.c(175):     date: Fri, 29 Apr 2022 04:31:33 GMT\r\n
Action.c(175):     content-type: text/html\r\n
Action.c(175):     accept-ranges: bytes\r\n
Action.c(175):     etag: W/"9751-1641810512000"\r\n
Action.c(175):     last-modified: Mon, 10 Jan 2022 10:28:32 GMT\r\n
Action.c(175):     cache-control: max-age=0\r\n
Action.c(175):     expires: Fri, 29 Apr 2022 04:31:33 GMT\r\n
Action.c(175):     vary: accept-encoding\r\n
Action.c(175):     content-encoding: gzip\r\n
Action.c(175):     strict-transport-security: max-age=31536000; includeSubDomains; preload\r\n
Action.c(175):     \r\n
Action.c(175): t=1326313ms: 1469-byte ENCODED response body received for "https://www.advantageonlineshopping.com/app/user/views/register-page.html" (RelFrameId=1, Internal ID=297)
Action.c(175): t=1326313ms: 9751-byte DECODED response body for "https://www.advantageonlineshopping.com/app/user/views/register-page.html" (RelFrameId=1, Internal ID=297)
Action.c(175):     <nav class="pages">\n
Action.c(175):         <a translate="HOME" href="#/"></a>\n
Action.c(175):         <a class="select" translate="CREATE_ACCOUNT"> </a>\n
Action.c(175):     </nav>\n
Action.c(175):     <section id="registerPage">\n
Action.c(175):         <article>\n
Action.c(175):             <h3 class="roboto-regular sticky fixedImportant fixed" translate="CREATE_ACCOUNT">
Action.c(175):     </h3>\n
Action.c(175):     \n
Action.c(175):             <sec-form sec-is-valid-form="isValidForm(valid)">\n
Action.c(175):     \n
Action.c(175):                 <div id="registerCover" data-ng-hide="registerSuccess">\n
Action.c(175):                     <div id="infoDemo">\n
Action.c(175):                         <info-demo a-title="{{'NOTICE' | translate }}" a-lines="{{mainCtrl.get
Action.c(175):     NoticeInfo()}}"></info-demo>\n
Action.c(175):                     </div>\n
Action.c(175):                     <div id="form">\n
Action.c(175):     \n
Action.c(175):                         <div id="formCover">\n
Action.c(175):     \n
Action.c(175):                             <div>\n
Action.c(175):                                 <h3 translate="ACCOUNT_DETAILS"></h3>\n
Action.c(175):     \n
Action.c(175):                                 <div class="spliter">\n
Action.c(175):     \n
Action.c(175):                                     <sec-view a-hint="{{'User_name' | translate}}"\n
Action.c(175):                                               a-hint-description="RegisterPage"\n
Action.c(175):                                               sec-model="model.username"\n
Action.c(175):                                               sec-require="mainCtrl.getRequire('User_name')"\n
Action.c(175):                                               sec-min-length="mainCtrl.getMin(5)"\n
Action.c(175):                                               sec-max-length="mainCtrl.getMax(15)"\n
Action.c(175):     \n
Action.c(175):                                               sec-disable-validation="true"\n
Action.c(175):                                               sec-name="userName">\n
Action.c(175):                                     </sec-view>\n
Action.c(175):     \n
Action.c(175):                                     <sec-view sec-name="userEmail"\n
Action.c(175):                                               a-hint="{{'Email' | translate}}"\n
Action.c(175):                                               a-hint-description="RegisterPage"\n
Action.c(175):                                               sec-model="model.email"\n
Action.c(175):                                               sec-require="mainCtrl.getRequire('Email')"\n
Action.c(175):                                               sec-pattern="mainCtrl.getPattern('Email')">\n
Action.c(175):                                     </sec-view>\n
Action.c(175):     \n
Action.c(175):                                 </div>\n
Action.c(175):                                 <div class="spliter">\n
Action.c(175):     \n
Action.c(175):                                     <sec-view sec-name="userPassword"\n
Action.c(175):                                               a-hint="{{'Password' | translate}}"\n
Action.c(175):                                               a-hint-description="RegisterPage"\n
Action.c(175):                                               a-type="password"\n
Action.c(175):                                               sec-model="model.password"\n
Action.c(175):                                               sec-require="mainCtrl.getRequire('Password')"\n
Action.c(175):                                               sec-min-length="mainCtrl.getMin(4)"\n
Action.c(175):                                               sec-max-length="mainCtrl.getMax(12)"\n
Action.c(175):                                               sec-pattern="mainCtrl.getPattern('Password')">\n
Action.c(175):                                     </sec-view>\n
Action.c(175):     \n
Action.c(175):                                     <sec-view sec-name="userPassword"\n
Action.c(175):                                               a-hint="{{'Confirm_password' | translate}}"\n
Action.c(175):                                               a-hint-description="RegisterPage"\n
Action.c(175):                                               a-type="password"\n
Action.c(175):                                               sec-model="model.confirm_password"\n
Action.c(175):                                               sec-require="mainCtrl.getRequire('Confirm_passwo
Action.c(175):     rd')"\n
Action.c(175):                                               sec-compare-to="mainCtrl.getCompare('Password', 
Action.c(175):     model.password)"\n
Action.c(175):                                               sec-model-compare-to="model.password">\n
Action.c(175):                                     </sec-view>\n
Action.c(175):     \n
Action.c(175):                                 </div>\n
Action.c(175):                             </div>\n
Action.c(175):     \n
Action.c(175):                             <div>\n
Action.c(175):                                 <h3 translate="PERSONAL_DETAILS"></h3>\n
Action.c(175):     \n
Action.c(175):                                 <div class="spliter">\n
Action.c(175):     \n
Action.c(175):                                     <sec-view sec-name="userFirstName"\n
Action.c(175):                                               a-hint="{{'First_Name' | translate}}"\n
Action.c(175):                                               a-hint-description="RegisterPage"\n
Action.c(175):                                               sec-model="model.firstName"\n
Action.c(175):                                               sec-min-length="mainCtrl.getMin(2)"\n
Action.c(175):                                               sec-max-length="mainCtrl.getMax(30)">\n
Action.c(175):                                     </sec-view>\n
Action.c(175):     \n
Action.c(175):                                     <sec-view sec-name="userLastName"\n
Action.c(175):                                               a-hint="{{'Last_Name' | translate}}"\n
Action.c(175):                                               a-hint-description="RegisterPage"\n
Action.c(175):                                               sec-model="model.lastName"\n
Action.c(175):                                               sec-min-length="mainCtrl.getMin(2)"\n
Action.c(175):                                               sec-max-length="mainCtrl.getMax(30)">\n
Action.c(175):                                     </sec-view>\n
Action.c(175):     \n
Action.c(175):                                 </div>\n
Action.c(175):                                 <div class="spliter">\n
Action.c(175):     \n
Action.c(175):                                     <sec-view sec-name="userPhone"\n
Action.c(175):                                               a-hint="{{'Phone_Number' | translate}}"\n
Action.c(175):                                               a-hint-description="RegisterPage"\n
Action.c(175):                                               sec-max-length="mainCtrl.getMax(20)"\n
Action.c(175):                                               sec-model="model.phoneNumber">\n
Action.c(175):                                     </sec-view>\n
Action.c(175):     \n
Action.c(175):                                 </div>\n
Action.c(175):                             </div>\n
Action.c(175):     \n
Action.c(175):     \n
Action.c(175):                             <div>\n
Action.c(175):                                 <h3 translate="ADDRESS"></h3>\n
Action.c(175):     \n
Action.c(175):                                 <div class="spliter">\n
Action.c(175):     \n
Action.c(175):                                     <sec-view sec-name="userCountry"\n
Action.c(175):                                               a-hint="Country"\n
Action.c(175):                                               a-hint-description="RegisterPage"\n
Action.c(175):                                               a-type="select"\n
Action.c(175):                                               a-show="name"\n
Action.c(175):                                               sec-model="model.country"\n
Action.c(175):                                               sec-select-options="countries">\n
Action.c(175):                                     </sec-view>\n
Action.c(175):     \n
Action.c(175):     \n
Action.c(175):                                     <sec-view sec-name="userCity"\n
Action.c(175):                                               a-hint="{{'City' | translate}}"\n
Action.c(175):                                               a-hint-description="RegisterPage"\n
Action.c(175):                                               sec-model="model.city"\n
Action.c(175):                                               sec-max-length="mainCtrl.getMax(25)">\n
Action.c(175):                                     </sec-view>\n
Action.c(175):     \n
Action.c(175):                                 </div>\n
Action.c(175):                                 <div class="spliter">\n
Action.c(175):     \n
Action.c(175):                                     <sec-view sec-name="userAdress"\n
Action.c(175):                                               a-hint="{{'Address' | translate}}"\n
Action.c(175):                                               a-hint-description="RegisterPage"\n
Action.c(175):                                               sec-model="model.address"\n
Action.c(175):                                               sec-max-length="mainCtrl.getMax(50)">\n
Action.c(175):                                     </sec-view>\n
Action.c(175):     \n
Action.c(175):     \n
Action.c(175):                                     <sec-view sec-name="userState"\n
Action.c(175):                                               a-hint="{{'State__Province__Region' | translate}
Action.c(175):     }"\n
Action.c(175):                                               a-hint-description="RegisterPage"\n
Action.c(175):                                               sec-model="model.state"\n
Action.c(175):                                               sec-max-length="mainCtrl.getMax(10)">\n
Action.c(175):                                     </sec-view>\n
Action.c(175):     \n
Action.c(175):                                 </div>\n
Action.c(175):                                 <div class="spliter">\n
Action.c(175):     \n
Action.c(175):                                     <sec-view sec-name="userPostalCode"\n
Action.c(175):                                               a-hint="{{'Postal_Code' | translate}}"\n
Action.c(175):                                               a-hint-description="RegisterPage"\n
Action.c(175):                                               sec-model="model.postalCode"\n
Action.c(175):                                               sec-max-length="mainCtrl.getMax(10)">\n
Action.c(175):                                     </sec-view>\n
Action.c(175):     \n
Action.c(175):                                 </div>\n
Action.c(175):                             </div>\n
Action.c(175):     \n
Action.c(175):                             <div class="option marginTop">\n
Action.c(175):                                 <input name="allowOffersPromotion" ng-model="model.offers_prom
Action.c(175):     otion" type="checkbox" autocomplete="off"/>\n
Action.c(175):                                 <span class="roboto-light" translate="offers_promotion"></span
Action.c(175):     >\n
Action.c(175):                             </div>\n
Action.c(175):     \n
Action.c(175):                             <sec-view\n
Action.c(175):                                     sec-name="registrationAgreement"\n
Action.c(175):                                     a-dont-change="true"\n
Action.c(175):                                     sec-model="agree_Agreement"\n
Action.c(175):                                     a-type="checkbox"\n
Action.c(175):                                     sec-require="mainCtrl.getAgreeAgreementRequire()"\n
Action.c(175):                             ></sec-view>\n
Action.c(175):     \n
Action.c(175):                         </div>\n
Action.c(175):                     </div>\n
Action.c(175):                 </div>\n
Action.c(175):                 <div class="center">\n
Action.c(175):     \n
Action.c(175):                     <sec-sender class="roboto-medium" a-value="{{'REGISTER' | translate}}"\n
Action.c(175):                                 sec-send="register()" ></sec-sender>\n
Action.c(175):     \n
Action.c(175):                     <label class="{{registerAnswer.class}} center block smollMargin" data-ng-s
Action.c(175):     how="!registerSuccess">\n
Action.c(175):                         {{registerAnswer.message}}\n
Action.c(175):                     </label>\n
Action.c(175):     \n
Action.c(175):                     <label class="ALREADY_HAVE_AN_ACCOUNT roboto-medium" data-ng-show="!regist
Action.c(175):     erSuccess">\n
Action.c(175):                         <a href="javascript:void(0)" role="link" translate="ALREADY_HAVE_AN_AC
Action.c(175):     COUNT" ng-click="login()"></a>\n
Action.c(175):                     </label>\n
Action.c(175):     \n
Action.c(175):                 </div>\n
Action.c(175):     \n
Action.c(175):             </sec-form>\n
Action.c(175):     \n
Action.c(175):             <div id="registerSuccessCover" data-ng-show="registerSuccess">\n
Action.c(175):                 <div class="center">\n
Action.c(175):                     <h1 class="roboto-medium"> {{ 'Hi' | translate }} {{ WellcomeName }}, </h1
Action.c(175):     >\n
Action.c(175):     \n
Action.c(175):                     <p class="roboto-regular successMessage">\n
Action.c(175):                         {{ 'your_Account_was_created_successfully' | translate}}\n
Action.c(175):                     </p>\n
Action.c(175):                     <br/>\n
Action.c(175):                     <a class="a-button" href="/"> {{ 'CONTINUE_SHOPPING' | translate}} </a>\n
Action.c(175):                 </div>\n
Action.c(175):             </div>\n
Action.c(175):     \n
Action.c(175):         </article>\n
Action.c(175):     </section>\n
Action.c(175):     \n
Action.c(175):     <social-media-drtv></social-media-drtv>\n
Action.c(175): The request to server https://www.advantageonlineshopping.com/css/images/Bell.png" is done with headers:
Action.c(175):     :method = GET
Action.c(175):     :scheme = https
Action.c(175):     :path = /css/images/Bell.png
Action.c(175):     :authority = www.advantageonlineshopping.com
Action.c(175):     Referer = https://www.advantageonlineshopping.com/css/main.min.css
Action.c(175):     Sec-Fetch-Site = same-origin
Action.c(175):     Sec-Fetch-Mode = cors
Action.c(175):     Sec-Fetch-Dest = empty
Action.c(175):     sec-ch-ua = " Not A;Brand";v="99", "Chromium";v="100", "Google Chrome";v="100"
Action.c(175):     sec-ch-ua-mobile = ?0
Action.c(175):     sec-ch-ua-platform = "Windows"
Action.c(175):     User-Agent = Mozilla/5.0 (compatible; MSIE 10.0; Windows NT 6.1; Trident/6.0)
Action.c(175):     Accept-Encoding = gzip, deflate
Action.c(175):     Accept = */*
Action.c(175):     cookie = userCart=%7B%22userId%22%3A-1%2C%22productsInCart%22%3A%5B%5D%7D; _ga=GA1.2.13468
Action.c(175):     82120.1650622281; _gid=GA1.2.882881733.1650622281; _gat=1
Action.c(175): Downloading resource "https://www.advantageonlineshopping.com/css/images/Bell.png" (specified by argument number 9)  	[MsgId: MMSG-26577]
Action.c(175): The request to server https://www.advantageonlineshopping.com/css/images/Check.png" is done with headers:
Action.c(175):     :method = GET
Action.c(175):     :scheme = https
Action.c(175):     :path = /css/images/Check.png
Action.c(175):     :authority = www.advantageonlineshopping.com
Action.c(175):     Referer = https://www.advantageonlineshopping.com/css/main.min.css
Action.c(175):     Sec-Fetch-Site = same-origin
Action.c(175):     Sec-Fetch-Mode = cors
Action.c(175):     Sec-Fetch-Dest = empty
Action.c(175):     sec-ch-ua = " Not A;Brand";v="99", "Chromium";v="100", "Google Chrome";v="100"
Action.c(175):     sec-ch-ua-mobile = ?0
Action.c(175):     sec-ch-ua-platform = "Windows"
Action.c(175):     User-Agent = Mozilla/5.0 (compatible; MSIE 10.0; Windows NT 6.1; Trident/6.0)
Action.c(175):     Accept-Encoding = gzip, deflate
Action.c(175):     Accept = */*
Action.c(175):     cookie = userCart=%7B%22userId%22%3A-1%2C%22productsInCart%22%3A%5B%5D%7D; _ga=GA1.2.13468
Action.c(175):     82120.1650622281; _gid=GA1.2.882881733.1650622281; _gat=1
Action.c(175): Downloading resource "https://www.advantageonlineshopping.com/css/images/Check.png" (specified by argument number 12)  	[MsgId: MMSG-26577]
Action.c(175): t=1326323ms: Request done "https://www.advantageonlineshopping.com/app/user/views/register-page.html"  	[MsgId: MMSG-26000]
Action.c(175): t=1326494ms: 386-byte response headers for "https://www.advantageonlineshopping.com/css/images/Bell.png" (RelFrameId=, Internal ID=298)
Action.c(175):     HTTP/2.0 200\r\n
Action.c(175):     Status: 200\r\n
Action.c(175):     server: nginx/1.18.0 (Ubuntu)\r\n
Action.c(175):     date: Fri, 29 Apr 2022 04:31:33 GMT\r\n
Action.c(175):     content-type: image/png\r\n
Action.c(175):     content-length: 1319\r\n
Action.c(175):     accept-ranges: bytes\r\n
Action.c(175):     etag: W/"1319-1641810512000"\r\n
Action.c(175):     last-modified: Mon, 10 Jan 2022 10:28:32 GMT\r\n
Action.c(175):     cache-control: max-age=864000\r\n
Action.c(175):     expires: Mon, 09 May 2022 04:31:33 GMT\r\n
Action.c(175):     strict-transport-security: max-age=31536000; includeSubDomains; preload\r\n
Action.c(175):     \r\n
Action.c(175): t=1326494ms: 1319-byte response body for "https://www.advantageonlineshopping.com/css/images/Bell.png" (RelFrameId=, Internal ID=298)
Action.c(175): t=1326494ms: Request done "https://www.advantageonlineshopping.com/css/images/Bell.png"  	[MsgId: MMSG-26000]
Action.c(175): t=1326659ms: 386-byte response headers for "https://www.advantageonlineshopping.com/css/images/Check.png" (RelFrameId=, Internal ID=299)
Action.c(175):     HTTP/2.0 200\r\n
Action.c(175):     Status: 200\r\n
Action.c(175):     server: nginx/1.18.0 (Ubuntu)\r\n
Action.c(175):     date: Fri, 29 Apr 2022 04:31:33 GMT\r\n
Action.c(175):     content-type: image/png\r\n
Action.c(175):     content-length: 3149\r\n
Action.c(175):     accept-ranges: bytes\r\n
Action.c(175):     etag: W/"3149-1641810512000"\r\n
Action.c(175):     last-modified: Mon, 10 Jan 2022 10:28:32 GMT\r\n
Action.c(175):     cache-control: max-age=864000\r\n
Action.c(175):     expires: Mon, 09 May 2022 04:31:33 GMT\r\n
Action.c(175):     strict-transport-security: max-age=31536000; includeSubDomains; preload\r\n
Action.c(175):     \r\n
Action.c(175): t=1326660ms: 3149-byte response body for "https://www.advantageonlineshopping.com/css/images/Check.png" (RelFrameId=, Internal ID=299)
Action.c(175): t=1326660ms: Request done "https://www.advantageonlineshopping.com/css/images/Check.png"  	[MsgId: MMSG-26000]
Action.c(175): Registered web_reg_find successful for "Text=CREATE_ACCOUNT" (count=2)  	[MsgId: MMSG-26364]
Action.c(175): web_url("register-page.html") was successful, 5937 body bytes, 1178 header bytes  	[MsgId: MMSG-26386]
Action.c(187): web_add_header("SOAPAction") started  	[MsgId: MMSG-26355]
Action.c(187): "SOAPAction: com.advantage.online.store.accountserviceGetCountriesRequest" header registered for adding to requests from the immediately following Action function  	[MsgId: MMSG-26506]
Action.c(187): web_add_header("SOAPAction") was successful  	[MsgId: MMSG-26392]
Action.c(190): web_add_auto_header("Origin") started  	[MsgId: MMSG-26355]
Action.c(190): An unrecognized header ("Origin") is being added  	[MsgId: MMSG-26595]
Action.c(190): "Origin: https://www.advantageonlineshopping.com" header registered for adding to requests from all following Action functions  	[MsgId: MMSG-26505]
Action.c(190): web_add_auto_header("Origin") was successful  	[MsgId: MMSG-26392]
Action.c(193): web_add_auto_header("X-Requested-With") started  	[MsgId: MMSG-26355]
Action.c(193): An unrecognized header ("X-Requested-With") is being added  	[MsgId: MMSG-26595]
Action.c(193): "X-Requested-With: XMLHttpRequest" header registered for adding to requests from all following Action functions  	[MsgId: MMSG-26505]
Action.c(193): web_add_auto_header("X-Requested-With") was successful  	[MsgId: MMSG-26392]
Action.c(208): Notify: Transaction "clickCreateAccount" ended with a "Pass" status (Duration: 5,6913 Think Time: 5,0005 Wasted Time: 0,0000).	[MsgId: MMSG-16870]
Action.c(212): Notify: Transaction "createAccount" started.	[MsgId: MMSG-16999]
Action.c(214): web_reg_find started  	[MsgId: MMSG-26355]
Action.c(214): Registering web_reg_find was successful  	[MsgId: MMSG-26390]
Action.c(217): web_add_header("SOAPAction") started  	[MsgId: MMSG-26355]
Action.c(217): Warning -26592: A header of the same name has been added already. This header is added anyway.  	[MsgId: MWAR-26592]
Action.c(217): "SOAPAction: com.advantage.online.store.accountserviceAccountCreateRequest" header registered for adding to requests from the immediately following Action function  	[MsgId: MMSG-26506]
Action.c(217): web_add_header("SOAPAction") highest severity level was "warning"  	[MsgId: MMSG-26391]
Action.c(220): lr_think_time: 5,00 seconds.	[MsgId: MMSG-15948]
Action.c(222): web_custom_request("AccountCreateRequest") started  	[MsgId: MMSG-26355]
Action.c(222): Notify: Parameter Substitution: parameter "address" =  "Disance 3441"	[MsgId: MMSG-13992]
Action.c(222): Notify: Parameter Substitution: parameter "cityName" =  "Viborg"	[MsgId: MMSG-13992]
Action.c(222): Notify: Parameter Substitution: parameter "country" =  "Denmark"	[MsgId: MMSG-13992]
Action.c(222): Notify: Parameter Substitution: parameter "countryId" =  "dk"	[MsgId: MMSG-13992]
Action.c(222): Notify: Parameter Substitution: parameter "email" =  "nancy@gmail.com"	[MsgId: MMSG-13992]
Action.c(222): Notify: Parameter Substitution: parameter "firstName" =  "Nancy"	[MsgId: MMSG-13992]
Action.c(222): Notify: Parameter Substitution: parameter "lastName" =  "Drys"	[MsgId: MMSG-13992]
Action.c(222): Notify: Parameter Substitution: parameter "loginName" =  "AOSuser08420474"	[MsgId: MMSG-13992]
Action.c(222): Notify: Parameter Substitution: parameter "password" =  "1Fas"	[MsgId: MMSG-13992]
Action.c(222): Notify: Parameter Substitution: parameter "phoneNumber" =  "450002"	[MsgId: MMSG-13992]
Action.c(222): Notify: Parameter Substitution: parameter "stateProvince" =  "45"	[MsgId: MMSG-13992]
Action.c(222): Notify: Parameter Substitution: parameter "zipcode" =  "0929"	[MsgId: MMSG-13992]
Action.c(222): The request to server https://www.advantageonlineshopping.com/accountservice/ws/AccountCreateRequest" is done with headers:
Action.c(222):     :method = POST
Action.c(222):     :scheme = https
Action.c(222):     :path = /accountservice/ws/AccountCreateRequest
Action.c(222):     :authority = www.advantageonlineshopping.com
Action.c(222):     Content-Type = text/xml; charset=UTF-8
Action.c(222):     Cache-Control = no-cache
Action.c(222):     Referer = https://www.advantageonlineshopping.com/
Action.c(222):     SOAPAction = com.advantage.online.store.accountserviceGetCountriesRequest
Action.c(222):     SOAPAction = com.advantage.online.store.accountserviceAccountCreateRequest
Action.c(222):     Sec-Fetch-Site = same-origin
Action.c(222):     Sec-Fetch-Mode = cors
Action.c(222):     Sec-Fetch-Dest = empty
Action.c(222):     sec-ch-ua = " Not A;Brand";v="99", "Chromium";v="100", "Google Chrome";v="100"
Action.c(222):     sec-ch-ua-mobile = ?0
Action.c(222):     sec-ch-ua-platform = "Windows"
Action.c(222):     Origin = https://www.advantageonlineshopping.com
Action.c(222):     X-Requested-With = XMLHttpRequest
Action.c(222):     User-Agent = Mozilla/5.0 (compatible; MSIE 10.0; Windows NT 6.1; Trident/6.0)
Action.c(222):     Accept-Encoding = gzip, deflate
Action.c(222):     Accept = */*
Action.c(222):     content-length = 747
Action.c(222):     cookie = userCart=%7B%22userId%22%3A-1%2C%22productsInCart%22%3A%5B%5D%7D; _ga=GA1.2.13468
Action.c(222):     82120.1650622281; _gid=GA1.2.882881733.1650622281; _gat=1
Action.c(222): The request to server "https://www.advantageonlineshopping.com/accountservice/ws/AccountCreateRequest" is done with body:
Action.c(222):     <?xml version="1.0" encoding="UTF-8"?><soap:Envelope xmlns:soap="http://schemas.xmlsoap.or
Action.c(222):     g/soap/envelope/" xmlns:xsi="http://www.w3.org/2001/XMLSchema-instance" xmlns:xsd="http://
Action.c(222):     www.w3.org/2001/XMLSchema"><soap:Body><AccountCreateRequest xmlns="com.advantage.online.st
Action.c(222):     ore.accountservice"><accountType>USER</accountType><address>Disance 3441</address><allowOf
Action.c(222):     fersPromotion>true</allowOffersPromotion><cityName>Viborg</cityName><countryId>Denmark,dk<
Action.c(222):     /countryId><email>nancy@gmail.com</email><firstName>Nancy</firstName><lastName>Drys</lastN
Action.c(222):     ame><loginName>AOSuser08420474</loginName><password>1Fas</password><phoneNumber>450002</ph
Action.c(222):     oneNumber><stateProvince>45</stateProvince><zipcode>0929</zipcode></AccountCreateRequest><
Action.c(222):     /soap:Body></soap:Envelope>
Action.c(222): t=1333234ms: 735-byte response headers for "https://www.advantageonlineshopping.com/accountservice/ws/AccountCreateRequest" (RelFrameId=1, Internal ID=300)
Action.c(222):     HTTP/2.0 200\r\n
Action.c(222):     Status: 200\r\n
Action.c(222):     server: nginx/1.18.0 (Ubuntu)\r\n
Action.c(222):     date: Fri, 29 Apr 2022 04:31:40 GMT\r\n
Action.c(222):     content-type: text/xml;charset=utf-8\r\n
Action.c(222):     content-length: 415\r\n
Action.c(222):     x-content-type-options: nosniff\r\n
Action.c(222):     x-xss-protection: 1; mode=block\r\n
Action.c(222):     cache-control: no-store\r\n
Action.c(222):     pragma: no-cache\r\n
Action.c(222):     expires: 0\r\n
Action.c(222):     x-frame-options: DENY\r\n
Action.c(222):     access-control-request-method: POST, GET, OPTIONS, DELETE\r\n
Action.c(222):     access-control-allow-methods: POST, GET, OPTIONS, DELETE\r\n
Action.c(222):     access-control-max-age: 3600\r\n
Action.c(222):     access-control-allow-headers: Origin, X-Requested-With, Content-Type, Accept, Key, soapact
Action.c(222):     ion\r\n
Action.c(222):     access-control-allow-origin: *\r\n
Action.c(222):     accept: text/xml, text/html, image/gif, image/jpeg, *; q=.2, */*; q=.2\r\n
Action.c(222):     soapaction: ""\r\n
Action.c(222):     strict-transport-security: max-age=31536000; includeSubDomains; preload\r\n
Action.c(222):     \r\n
Action.c(222): t=1333235ms: 415-byte response body for "https://www.advantageonlineshopping.com/accountservice/ws/AccountCreateRequest" (RelFrameId=1, Internal ID=300)
Action.c(222):     <SOAP-ENV:Envelope xmlns:SOAP-ENV="http://schemas.xmlsoap.org/soap/envelope/"><SOAP-ENV:He
Action.c(222):     ader/><SOAP-ENV:Body><ns2:AccountCreateResponse xmlns:ns2="com.advantage.online.store.acco
Action.c(222):     untservice"><ns2:StatusMessage><ns2:success>true</ns2:success><ns2:userId>451148827</ns2:u
Action.c(222):     serId><ns2:reason>New user created successfully.</ns2:reason></ns2:StatusMessage></ns2:Acc
Action.c(222):     ountCreateResponse></SOAP-ENV:Body></SOAP-ENV:Envelope>
Action.c(222): t=1333235ms: Request done "https://www.advantageonlineshopping.com/accountservice/ws/AccountCreateRequest"  	[MsgId: MMSG-26000]
Action.c(222): Registered web_reg_find successful for "Text=New user created successfully" (count=1)  	[MsgId: MMSG-26364]
Action.c(222): web_custom_request("AccountCreateRequest") was successful, 415 body bytes, 735 header bytes  	[MsgId: MMSG-26386]
Action.c(235): Notify: Transaction "createAccount" ended with a "Pass" status (Duration: 6,5743 Think Time: 5,0128 Wasted Time: 0,0000).	[MsgId: MMSG-16870]
Action.c(239): Notify: Transaction "UC01_registrationAOS" ended with a "Pass" status (Duration: 25,1437 Think Time: 10,0133 Wasted Time: 0,0041).	[MsgId: MMSG-16870]
Ending action Action.	[MsgId: MMSG-15918]
Ending iteration 12.	[MsgId: MMSG-15965]
Waiting 92,8540 seconds for iteration pacing.	[MsgId: MMSG-15996]
Action was aborted.	[MsgId: MMSG-10694]
Action was aborted.	[MsgId: MMSG-10694]
Ending Vuser...	[MsgId: MMSG-15966]
Ending Vuser...	[MsgId: MMSG-15966]
Starting action vuser_end.	[MsgId: MMSG-15919]
Starting action vuser_end.	[MsgId: MMSG-15919]
Ending action vuser_end.	[MsgId: MMSG-15918]
Ending action vuser_end.	[MsgId: MMSG-15918]
Vuser Terminated.	[MsgId: MMSG-15963]
Vuser Terminated.	[MsgId: MMSG-15963]
t=1334092ms: Closed connection [0] to www.advantageonlineshopping.com:443 after completing 0 request(s)  	[MsgId: MMSG-26000]
t=1334092ms: Closed connection [0] to www.advantageonlineshopping.com:443 after completing 0 request(s)  	[MsgId: MMSG-26000]
HTML-Mode memory management statistics: Reusable=1, NonReusable=0, CsMemBlockSize=4096, checks disabled  	[MsgId: MMSG-26000]
HTML-Mode memory management statistics: Reusable=1, NonReusable=0, CsMemBlockSize=4096, checks disabled  	[MsgId: MMSG-26000]
Vuser 1 (thread 21148), ended OK."	[MsgId: MMSG-10695]
Vuser 0 (thread 8056), ended OK."	[MsgId: MMSG-10695]
